The system is: Windows - 10.0.22000 - AMD64
Compiling the C compiler identification source file "CMakeCCompilerId.c" succeeded.
Compiler: C:/Program Files (x86)/Microsoft Visual Studio/2022/BuildTools/VC/Tools/MSVC/14.34.31933/bin/Hostx86/x86/cl.exe 
Build flags: 
Id flags:  

The output was:
0
Microsoft (R) C/C++ Optimizing Compiler Version 19.34.31933 for x86
Copyright (C) Microsoft Corporation.  All rights reserved.

CMakeCCompilerId.c
Microsoft (R) Incremental Linker Version 14.34.31933.0
Copyright (C) Microsoft Corporation.  All rights reserved.

/out:CMakeCCompilerId.exe 
CMakeCCompilerId.obj 


Compilation of the C compiler identification source "CMakeCCompilerId.c" produced "CMakeCCompilerId.exe"

Compilation of the C compiler identification source "CMakeCCompilerId.c" produced "CMakeCCompilerId.obj"

The C compiler identification is MSVC, found in "C:/Users/tim.KOHLSTEDT0/Documents/Pico/PicoPlayer/build/elf2uf2/CMakeFiles/3.25.1/CompilerIdC/CMakeCCompilerId.exe"

Compiling the CXX compiler identification source file "CMakeCXXCompilerId.cpp" succeeded.
Compiler: C:/Program Files (x86)/Microsoft Visual Studio/2022/BuildTools/VC/Tools/MSVC/14.34.31933/bin/Hostx86/x86/cl.exe 
Build flags: 
Id flags:  

The output was:
0
Microsoft (R) C/C++ Optimizing Compiler Version 19.34.31933 for x86
Copyright (C) Microsoft Corporation.  All rights reserved.

CMakeCXXCompilerId.cpp
Microsoft (R) Incremental Linker Version 14.34.31933.0
Copyright (C) Microsoft Corporation.  All rights reserved.

/out:CMakeCXXCompilerId.exe 
CMakeCXXCompilerId.obj 


Compilation of the CXX compiler identification source "CMakeCXXCompilerId.cpp" produced "CMakeCXXCompilerId.exe"

Compilation of the CXX compiler identification source "CMakeCXXCompilerId.cpp" produced "CMakeCXXCompilerId.obj"

The CXX compiler identification is MSVC, found in "C:/Users/tim.KOHLSTEDT0/Documents/Pico/PicoPlayer/build/elf2uf2/CMakeFiles/3.25.1/CompilerIdCXX/CMakeCXXCompilerId.exe"

Detecting C compiler ABI info compiled with the following output:
Change Dir: C:/Users/tim.KOHLSTEDT0/Documents/Pico/PicoPlayer/build/elf2uf2/CMakeFiles/CMakeScratch/TryCompile-d9jslq

Run Build Command(s):nmake -f Makefile /nologo cmTC_0e368\fast && 	"C:\Program Files (x86)\Microsoft Visual Studio\2022\BuildTools\VC\Tools\MSVC\14.34.31933\bin\HostX86\x86\nmake.exe"  -f CMakeFiles\cmTC_0e368.dir\build.make /nologo -L                  CMakeFiles\cmTC_0e368.dir\build
Building C object CMakeFiles/cmTC_0e368.dir/CMakeCCompilerABI.c.obj
	"C:\Program Files\CMake\bin\cmake.exe" -E cmake_cl_compile_depends --dep-file=CMakeFiles\cmTC_0e368.dir\CMakeCCompilerABI.c.obj.d --working-dir=C:\Users\tim.KOHLSTEDT0\Documents\Pico\PicoPlayer\build\elf2uf2\CMakeFiles\CMakeScratch\TryCompile-d9jslq --filter-prefix="Note: including file: " -- C:\PROGRA~2\MICROS~2\2022\BUILDT~1\VC\Tools\MSVC\1434~1.319\bin\Hostx86\x86\cl.exe @C:\Users\TIM~1.KOH\AppData\Local\Temp\nm716B.tmp
CMakeCCompilerABI.c
Linking C executable cmTC_0e368.exe
	"C:\Program Files\CMake\bin\cmake.exe" -E vs_link_exe --intdir=CMakeFiles\cmTC_0e368.dir --rc=C:\PROGRA~2\WI3CF2~1\10\bin\100220~1.0\x86\rc.exe --mt=C:\PROGRA~2\WI3CF2~1\10\bin\100220~1.0\x86\mt.exe --manifests -- C:\PROGRA~2\MICROS~2\2022\BUILDT~1\VC\Tools\MSVC\1434~1.319\bin\Hostx86\x86\link.exe /nologo @CMakeFiles\cmTC_0e368.dir\objects1 @C:\Users\TIM~1.KOH\AppData\Local\Temp\nm7302.tmp



Detecting CXX compiler ABI info compiled with the following output:
Change Dir: C:/Users/tim.KOHLSTEDT0/Documents/Pico/PicoPlayer/build/elf2uf2/CMakeFiles/CMakeScratch/TryCompile-q3iwus

Run Build Command(s):nmake -f Makefile /nologo cmTC_81f7e\fast && 	"C:\Program Files (x86)\Microsoft Visual Studio\2022\BuildTools\VC\Tools\MSVC\14.34.31933\bin\HostX86\x86\nmake.exe"  -f CMakeFiles\cmTC_81f7e.dir\build.make /nologo -L                  CMakeFiles\cmTC_81f7e.dir\build
Building CXX object CMakeFiles/cmTC_81f7e.dir/CMakeCXXCompilerABI.cpp.obj
	"C:\Program Files\CMake\bin\cmake.exe" -E cmake_cl_compile_depends --dep-file=CMakeFiles\cmTC_81f7e.dir\CMakeCXXCompilerABI.cpp.obj.d --working-dir=C:\Users\tim.KOHLSTEDT0\Documents\Pico\PicoPlayer\build\elf2uf2\CMakeFiles\CMakeScratch\TryCompile-q3iwus --filter-prefix="Note: including file: " -- C:\PROGRA~2\MICROS~2\2022\BUILDT~1\VC\Tools\MSVC\1434~1.319\bin\Hostx86\x86\cl.exe @C:\Users\TIM~1.KOH\AppData\Local\Temp\nm75EF.tmp
CMakeCXXCompilerABI.cpp
Linking CXX executable cmTC_81f7e.exe
	"C:\Program Files\CMake\bin\cmake.exe" -E vs_link_exe --intdir=CMakeFiles\cmTC_81f7e.dir --rc=C:\PROGRA~2\WI3CF2~1\10\bin\100220~1.0\x86\rc.exe --mt=C:\PROGRA~2\WI3CF2~1\10\bin\100220~1.0\x86\mt.exe --manifests -- C:\PROGRA~2\MICROS~2\2022\BUILDT~1\VC\Tools\MSVC\1434~1.319\bin\Hostx86\x86\link.exe /nologo @CMakeFiles\cmTC_81f7e.dir\objects1 @C:\Users\TIM~1.KOH\AppData\Local\Temp\nm766D.tmp



